[debug] [2024-10-30T18:10:25.749Z] ----------------------------------------------------------------------
[debug] [2024-10-30T18:10:25.751Z] Command:       /usr/local/share/nvm/versions/node/v20.17.0/bin/node /home/codespace/nvm/current/bin/firebase init
[debug] [2024-10-30T18:10:25.751Z] CLI Version:   13.23.0
[debug] [2024-10-30T18:10:25.751Z] Platform:      linux
[debug] [2024-10-30T18:10:25.751Z] Node Version:  v20.17.0
[debug] [2024-10-30T18:10:25.751Z] Time:          Wed Oct 30 2024 18:10:25 GMT+0000 (Coordinated Universal Time)
[debug] [2024-10-30T18:10:25.751Z] Env Overrides: GITHUB_API_URL, GITHUB_API_URL
[debug] [2024-10-30T18:10:25.752Z] ----------------------------------------------------------------------
[debug] 
[debug] [2024-10-30T18:10:25.755Z] > command requires scopes: ["email","openid","https://www.googleapis.com/auth/cloudplatformprojects.readonly","https://www.googleapis.com/auth/firebase","https://www.googleapis.com/auth/cloud-platform"]
[debug] [2024-10-30T18:10:25.756Z] > authorizing via signed-in user (padagattiravikiran322@gmail.com)
[info] 
     ######## #### ########  ######## ########     ###     ######  ########
     ##        ##  ##     ## ##       ##     ##  ##   ##  ##       ##
     ######    ##  ########  ######   ########  #########  ######  ######
     ##        ##  ##    ##  ##       ##     ## ##     ##       ## ##
     ##       #### ##     ## ######## ########  ##     ##  ######  ########

You're about to initialize a Firebase project in this directory:

  /workspaces/ShwethaWedding-Invitation

Before we get started, keep in mind:

  * You are currently outside your home directory

[info] 
=== Project Setup
[info] 
[info] First, let's associate this project directory with a Firebase project.
[info] You can create multiple project aliases by running firebase use --add, 
[info] but for now we'll just set up a default project.
[info] 
[debug] [2024-10-30T18:10:30.735Z] Checked if tokens are valid: true, expires at: 1730313919463
[debug] [2024-10-30T18:10:30.735Z] Checked if tokens are valid: true, expires at: 1730313919463
[debug] [2024-10-30T18:10:30.737Z] >>> [apiv2][query] GET https://firebase.googleapis.com/v1beta1/projects pageSize=100
[debug] [2024-10-30T18:10:31.578Z] <<< [apiv2][status] GET https://firebase.googleapis.com/v1beta1/projects 200
[debug] [2024-10-30T18:10:31.578Z] <<< [apiv2][body] GET https://firebase.googleapis.com/v1beta1/projects [omitted]
[info] i  Using project shwetha-wedding-invitation (Shwetha wedding invitation) 
[info] 
=== Dataconnect Setup
[debug] [2024-10-30T18:10:33.055Z] Checked if tokens are valid: true, expires at: 1730313919463
[debug] [2024-10-30T18:10:33.055Z] Checked if tokens are valid: true, expires at: 1730313919463
[debug] [2024-10-30T18:10:33.055Z] >>> [apiv2][query] GET https://cloudbilling.googleapis.com/v1/projects/shwetha-wedding-invitation/billingInfo [none]
[debug] [2024-10-30T18:10:34.521Z] <<< [apiv2][status] GET https://cloudbilling.googleapis.com/v1/projects/shwetha-wedding-invitation/billingInfo 200
[debug] [2024-10-30T18:10:34.521Z] <<< [apiv2][body] GET https://cloudbilling.googleapis.com/v1/projects/shwetha-wedding-invitation/billingInfo {"name":"projects/shwetha-wedding-invitation/billingInfo","projectId":"shwetha-wedding-invitation","billingAccountName":"","billingEnabled":false}
[info] i  dataconnect: ensuring required API sqladmin.googleapis.com is enabled... 
[debug] [2024-10-30T18:10:34.522Z] Checked if tokens are valid: true, expires at: 1730313919463
[debug] [2024-10-30T18:10:34.522Z] Checked if tokens are valid: true, expires at: 1730313919463
[debug] [2024-10-30T18:10:34.522Z] >>> [apiv2][query] GET https://serviceusage.googleapis.com/v1/projects/shwetha-wedding-invitation/services/sqladmin.googleapis.com [none]
[debug] [2024-10-30T18:10:34.522Z] >>> [apiv2][(partial)header] GET https://serviceusage.googleapis.com/v1/projects/shwetha-wedding-invitation/services/sqladmin.googleapis.com x-goog-quota-user=projects/shwetha-wedding-invitation
[debug] [2024-10-30T18:10:35.317Z] <<< [apiv2][status] GET https://serviceusage.googleapis.com/v1/projects/shwetha-wedding-invitation/services/sqladmin.googleapis.com 200
[debug] [2024-10-30T18:10:35.317Z] <<< [apiv2][body] GET https://serviceusage.googleapis.com/v1/projects/shwetha-wedding-invitation/services/sqladmin.googleapis.com [omitted]
[info] ✔  dataconnect: required API sqladmin.googleapis.com is enabled 
[info] i  dataconnect/dataconnect.yaml is unchanged 
[info] i  dataconnect/schema/schema.gql is unchanged 
[info] i  dataconnect/connector/connector.yaml is unchanged 
[info] i  dataconnect/connector/queries.gql is unchanged 
[info] i  dataconnect/connector/mutations.gql is unchanged 
[info] i  If you'd like to add the generated SDK to your app your, run firebase init dataconnect:sdk 
[info] i  If you'd like to provision a CloudSQL Postgres instance on the Firebase Data Connect no-cost trial:
1. Please upgrade to the pay-as-you-go (Blaze) billing plan. Visit the following page:
     https://console.firebase.google.com/project/shwetha-wedding-invitation/usage/details
2. Run firebase init dataconnect again to configure the Cloud SQL instance.
3. Run firebase deploy --only dataconnect to deploy your Data Connect service. 
[info] 
=== Firestore Setup
[debug] [2024-10-30T18:10:35.321Z] Checked if tokens are valid: true, expires at: 1730313919463
[debug] [2024-10-30T18:10:35.321Z] Checked if tokens are valid: true, expires at: 1730313919463
[debug] [2024-10-30T18:10:35.321Z] >>> [apiv2][query] GET https://serviceusage.googleapis.com/v1/projects/shwetha-wedding-invitation/services/firestore.googleapis.com [none]
[debug] [2024-10-30T18:10:35.321Z] >>> [apiv2][(partial)header] GET https://serviceusage.googleapis.com/v1/projects/shwetha-wedding-invitation/services/firestore.googleapis.com x-goog-quota-user=projects/shwetha-wedding-invitation
[debug] [2024-10-30T18:10:36.025Z] <<< [apiv2][status] GET https://serviceusage.googleapis.com/v1/projects/shwetha-wedding-invitation/services/firestore.googleapis.com 200
[debug] [2024-10-30T18:10:36.025Z] <<< [apiv2][body] GET https://serviceusage.googleapis.com/v1/projects/shwetha-wedding-invitation/services/firestore.googleapis.com [omitted]
[debug] [2024-10-30T18:10:36.026Z] Checked if tokens are valid: true, expires at: 1730313919463
[debug] [2024-10-30T18:10:36.026Z] Checked if tokens are valid: true, expires at: 1730313919463
[debug] [2024-10-30T18:10:36.026Z] >>> [apiv2][query] GET https://firestore.googleapis.com/v1/projects/shwetha-wedding-invitation/databases/(default) [none]
[debug] [2024-10-30T18:10:37.838Z] <<< [apiv2][status] GET https://firestore.googleapis.com/v1/projects/shwetha-wedding-invitation/databases/(default) 200
[debug] [2024-10-30T18:10:37.838Z] <<< [apiv2][body] GET https://firestore.googleapis.com/v1/projects/shwetha-wedding-invitation/databases/(default) {"name":"projects/shwetha-wedding-invitation/databases/(default)","uid":"d599cab3-cba5-49f2-ae04-8dafbae6e78c","createTime":"2024-10-30T17:52:50.387031Z","updateTime":"2024-10-30T17:52:50.387031Z","locationId":"nam5","type":"FIRESTORE_NATIVE","concurrencyMode":"PESSIMISTIC","versionRetentionPeriod":"3600s","earliestVersionTime":"2024-10-30T17:52:50.387031Z","appEngineIntegrationMode":"DISABLED","keyPrefix":"s","pointInTimeRecoveryEnablement":"POINT_IN_TIME_RECOVERY_DISABLED","deleteProtectionState":"DELETE_PROTECTION_DISABLED","etag":"II6TwPPZtokDMNbB/LnWtokD"}
[debug] [2024-10-30T18:10:37.838Z] database_type: FIRESTORE_NATIVE
[debug] [2024-10-30T18:10:37.838Z] database_type: FIRESTORE_NATIVE
[debug] [2024-10-30T18:10:37.838Z] > command requires scopes: ["email","openid","https://www.googleapis.com/auth/cloudplatformprojects.readonly","https://www.googleapis.com/auth/firebase","https://www.googleapis.com/auth/cloud-platform"]
[debug] [2024-10-30T18:10:37.838Z] > authorizing via signed-in user (padagattiravikiran322@gmail.com)
[debug] [2024-10-30T18:10:37.839Z] [iam] checking project shwetha-wedding-invitation for permissions ["firebase.projects.get"]
[debug] [2024-10-30T18:10:37.839Z] Checked if tokens are valid: true, expires at: 1730313919463
[debug] [2024-10-30T18:10:37.839Z] Checked if tokens are valid: true, expires at: 1730313919463
[debug] [2024-10-30T18:10:37.839Z] >>> [apiv2][query] POST https://cloudresourcemanager.googleapis.com/v1/projects/shwetha-wedding-invitation:testIamPermissions [none]
[debug] [2024-10-30T18:10:37.839Z] >>> [apiv2][(partial)header] POST https://cloudresourcemanager.googleapis.com/v1/projects/shwetha-wedding-invitation:testIamPermissions x-goog-quota-user=projects/shwetha-wedding-invitation
[debug] [2024-10-30T18:10:37.839Z] >>> [apiv2][body] POST https://cloudresourcemanager.googleapis.com/v1/projects/shwetha-wedding-invitation:testIamPermissions {"permissions":["firebase.projects.get"]}
[debug] [2024-10-30T18:10:39.237Z] <<< [apiv2][status] POST https://cloudresourcemanager.googleapis.com/v1/projects/shwetha-wedding-invitation:testIamPermissions 200
[debug] [2024-10-30T18:10:39.237Z] <<< [apiv2][body] POST https://cloudresourcemanager.googleapis.com/v1/projects/shwetha-wedding-invitation:testIamPermissions {"permissions":["firebase.projects.get"]}
[info] 
[info] Firestore Security Rules allow you to define how and when to allow
[info] requests. You can keep these rules in your project directory
[info] and publish them with firebase deploy.
[info] 
[debug] [2024-10-30T18:10:45.589Z] Checked if tokens are valid: true, expires at: 1730313919463
[debug] [2024-10-30T18:10:45.590Z] Checked if tokens are valid: true, expires at: 1730313919463
[debug] [2024-10-30T18:10:45.590Z] >>> [apiv2][query] GET https://firebaserules.googleapis.com/v1/projects/shwetha-wedding-invitation/releases pageSize=10&pageToken=
[debug] [2024-10-30T18:10:47.050Z] <<< [apiv2][status] GET https://firebaserules.googleapis.com/v1/projects/shwetha-wedding-invitation/releases 200
[debug] [2024-10-30T18:10:47.050Z] <<< [apiv2][body] GET https://firebaserules.googleapis.com/v1/projects/shwetha-wedding-invitation/releases {"releases":[{"name":"projects/shwetha-wedding-invitation/releases/cloud.firestore","rulesetName":"projects/shwetha-wedding-invitation/rulesets/dda29d47-fa7f-446d-a046-8dad27e8c0eb","createTime":"2024-10-30T17:53:00.188445Z","updateTime":"2024-10-30T17:53:00.188445Z"}]}
[debug] [2024-10-30T18:10:47.050Z] Found ruleset: projects/shwetha-wedding-invitation/rulesets/dda29d47-fa7f-446d-a046-8dad27e8c0eb
[debug] [2024-10-30T18:10:47.051Z] Checked if tokens are valid: true, expires at: 1730313919463
[debug] [2024-10-30T18:10:47.051Z] Checked if tokens are valid: true, expires at: 1730313919463
[debug] [2024-10-30T18:10:47.051Z] >>> [apiv2][query] GET https://firebaserules.googleapis.com/v1/projects/shwetha-wedding-invitation/rulesets/dda29d47-fa7f-446d-a046-8dad27e8c0eb [none]
[debug] [2024-10-30T18:10:48.397Z] <<< [apiv2][status] GET https://firebaserules.googleapis.com/v1/projects/shwetha-wedding-invitation/rulesets/dda29d47-fa7f-446d-a046-8dad27e8c0eb 200
[debug] [2024-10-30T18:10:48.397Z] <<< [apiv2][body] GET https://firebaserules.googleapis.com/v1/projects/shwetha-wedding-invitation/rulesets/dda29d47-fa7f-446d-a046-8dad27e8c0eb [omitted]
[info] 
[info] Firestore indexes allow you to perform complex queries while
[info] maintaining performance that scales with the size of the result
[info] set. You can keep index definitions in your project directory
[info] and publish them with firebase deploy.
[info] 
[debug] [2024-10-30T18:10:53.568Z] Checked if tokens are valid: true, expires at: 1730313919463
[debug] [2024-10-30T18:10:53.568Z] Checked if tokens are valid: true, expires at: 1730313919463
[debug] [2024-10-30T18:10:53.568Z] Checked if tokens are valid: true, expires at: 1730313919463
[debug] [2024-10-30T18:10:53.568Z] Checked if tokens are valid: true, expires at: 1730313919463
[debug] [2024-10-30T18:10:53.568Z] >>> [apiv2][query] GET https://firestore.googleapis.com/v1/projects/shwetha-wedding-invitation/databases/(default)/collectionGroups/-/indexes [none]
[debug] [2024-10-30T18:10:53.570Z] >>> [apiv2][query] GET https://firestore.googleapis.com/v1/projects/shwetha-wedding-invitation/databases/(default)/collectionGroups/-/fields?filter=indexConfig.usesAncestorConfig=false OR ttlConfig:* [none]
[debug] [2024-10-30T18:10:55.310Z] <<< [apiv2][status] GET https://firestore.googleapis.com/v1/projects/shwetha-wedding-invitation/databases/(default)/collectionGroups/-/indexes 200
[debug] [2024-10-30T18:10:55.310Z] <<< [apiv2][body] GET https://firestore.googleapis.com/v1/projects/shwetha-wedding-invitation/databases/(default)/collectionGroups/-/indexes {}
[debug] [2024-10-30T18:10:55.312Z] <<< [apiv2][status] GET https://firestore.googleapis.com/v1/projects/shwetha-wedding-invitation/databases/(default)/collectionGroups/-/fields?filter=indexConfig.usesAncestorConfig=false OR ttlConfig:* 200
[debug] [2024-10-30T18:10:55.312Z] <<< [apiv2][body] GET https://firestore.googleapis.com/v1/projects/shwetha-wedding-invitation/databases/(default)/collectionGroups/-/fields?filter=indexConfig.usesAncestorConfig=false OR ttlConfig:* {"fields":[{"name":"projects/shwetha-wedding-invitation/databases/(default)/collectionGroups/__default__/fields/*","indexConfig":{"indexes":[{"queryScope":"COLLECTION","fields":[{"fieldPath":"*","order":"ASCENDING"}],"state":"READY"},{"queryScope":"COLLECTION","fields":[{"fieldPath":"*","order":"DESCENDING"}],"state":"READY"},{"queryScope":"COLLECTION","fields":[{"fieldPath":"*","arrayConfig":"CONTAINS"}],"state":"READY"}]}}]}
[info] 
=== Genkit Setup
[info] Stopped Genkit initialization
[info] 
=== Functions Setup
[debug] [2024-10-30T18:11:03.572Z] > command requires scopes: ["email","openid","https://www.googleapis.com/auth/cloudplatformprojects.readonly","https://www.googleapis.com/auth/firebase","https://www.googleapis.com/auth/cloud-platform"]
[debug] [2024-10-30T18:11:03.573Z] > authorizing via signed-in user (padagattiravikiran322@gmail.com)
[debug] [2024-10-30T18:11:03.573Z] [iam] checking project shwetha-wedding-invitation for permissions ["firebase.projects.get"]
[debug] [2024-10-30T18:11:03.573Z] Checked if tokens are valid: true, expires at: 1730313919463
[debug] [2024-10-30T18:11:03.573Z] Checked if tokens are valid: true, expires at: 1730313919463
[debug] [2024-10-30T18:11:03.573Z] >>> [apiv2][query] POST https://cloudresourcemanager.googleapis.com/v1/projects/shwetha-wedding-invitation:testIamPermissions [none]
[debug] [2024-10-30T18:11:03.573Z] >>> [apiv2][(partial)header] POST https://cloudresourcemanager.googleapis.com/v1/projects/shwetha-wedding-invitation:testIamPermissions x-goog-quota-user=projects/shwetha-wedding-invitation
[debug] [2024-10-30T18:11:03.573Z] >>> [apiv2][body] POST https://cloudresourcemanager.googleapis.com/v1/projects/shwetha-wedding-invitation:testIamPermissions {"permissions":["firebase.projects.get"]}
[debug] [2024-10-30T18:11:04.972Z] <<< [apiv2][status] POST https://cloudresourcemanager.googleapis.com/v1/projects/shwetha-wedding-invitation:testIamPermissions 200
[debug] [2024-10-30T18:11:04.972Z] <<< [apiv2][body] POST https://cloudresourcemanager.googleapis.com/v1/projects/shwetha-wedding-invitation:testIamPermissions {"permissions":["firebase.projects.get"]}
[debug] [2024-10-30T18:11:04.972Z] Checked if tokens are valid: true, expires at: 1730313919463
[debug] [2024-10-30T18:11:04.972Z] Checked if tokens are valid: true, expires at: 1730313919463
[debug] [2024-10-30T18:11:04.972Z] Checked if tokens are valid: true, expires at: 1730313919463
[debug] [2024-10-30T18:11:04.972Z] Checked if tokens are valid: true, expires at: 1730313919463
[debug] [2024-10-30T18:11:04.972Z] >>> [apiv2][query] GET https://serviceusage.googleapis.com/v1/projects/shwetha-wedding-invitation/services/cloudfunctions.googleapis.com [none]
[debug] [2024-10-30T18:11:04.973Z] >>> [apiv2][(partial)header] GET https://serviceusage.googleapis.com/v1/projects/shwetha-wedding-invitation/services/cloudfunctions.googleapis.com x-goog-quota-user=projects/shwetha-wedding-invitation
[debug] [2024-10-30T18:11:04.974Z] >>> [apiv2][query] GET https://serviceusage.googleapis.com/v1/projects/shwetha-wedding-invitation/services/runtimeconfig.googleapis.com [none]
[debug] [2024-10-30T18:11:04.974Z] >>> [apiv2][(partial)header] GET https://serviceusage.googleapis.com/v1/projects/shwetha-wedding-invitation/services/runtimeconfig.googleapis.com x-goog-quota-user=projects/shwetha-wedding-invitation
[debug] [2024-10-30T18:11:06.725Z] <<< [apiv2][status] GET https://serviceusage.googleapis.com/v1/projects/shwetha-wedding-invitation/services/runtimeconfig.googleapis.com 200
[debug] [2024-10-30T18:11:06.726Z] <<< [apiv2][body] GET https://serviceusage.googleapis.com/v1/projects/shwetha-wedding-invitation/services/runtimeconfig.googleapis.com [omitted]
[debug] [2024-10-30T18:11:06.792Z] <<< [apiv2][status] GET https://serviceusage.googleapis.com/v1/projects/shwetha-wedding-invitation/services/cloudfunctions.googleapis.com 200
[debug] [2024-10-30T18:11:06.793Z] <<< [apiv2][body] GET https://serviceusage.googleapis.com/v1/projects/shwetha-wedding-invitation/services/cloudfunctions.googleapis.com [omitted]
[info] Let's create a new codebase for your functions.
[info] A directory corresponding to the codebase will be created in your project
[info] with sample code pre-configured.

[info] See https://firebase.google.com/docs/functions/organize-functions for
[info] more information on organizing your functions using codebases.

[info] Functions can be deployed with firebase deploy.

[info] i  Skipping write of functions/package.json 
[info] i  functions/index.js is unchanged 
[info] i  functions/.gitignore is unchanged 
[info] 
=== Hosting Setup
[debug] [2024-10-30T18:17:16.419Z] Checked if tokens are valid: true, expires at: 1730313919463
[debug] [2024-10-30T18:17:16.419Z] Checked if tokens are valid: true, expires at: 1730313919463
[debug] [2024-10-30T18:17:16.420Z] >>> [apiv2][query] GET https://firebase.googleapis.com/v1beta1/projects/shwetha-wedding-invitation [none]
[debug] [2024-10-30T18:17:17.082Z] <<< [apiv2][status] GET https://firebase.googleapis.com/v1beta1/projects/shwetha-wedding-invitation 200
[debug] [2024-10-30T18:17:17.082Z] <<< [apiv2][body] GET https://firebase.googleapis.com/v1beta1/projects/shwetha-wedding-invitation {"projectId":"shwetha-wedding-invitation","projectNumber":"873495597247","displayName":"Shwetha wedding invitation","name":"projects/shwetha-wedding-invitation","resources":{"hostingSite":"shwetha-wedding-invitation"},"state":"ACTIVE","etag":"1_51efa95b-a3a5-446d-8422-eff97532b670"}
[info] 
[info] Your public directory is the folder (relative to your project directory) that
[info] will contain Hosting assets to be uploaded with firebase deploy. If you
[info] have a build process for your assets, use your build's output directory.
[info] 
[debug] [2024-10-30T18:17:32.579Z] >>> [apiv2][query] GET https://www.gstatic.com/firebasejs/releases.json [none]
[debug] [2024-10-30T18:17:32.659Z] <<< [apiv2][status] GET https://www.gstatic.com/firebasejs/releases.json 200
[debug] [2024-10-30T18:17:32.659Z] <<< [apiv2][body] GET https://www.gstatic.com/firebasejs/releases.json {"current":{"version":"11.0.1","browserURL":"https://www.gstatic.com/firebasejs/11.0.1/firebase.js","packageURL":"https://www.gstatic.com/firebasejs/11.0.1/firebase.tgz"},"live":{"version":"11.0","browserURL":"https://www.gstatic.com/firebasejs/live/11.0/firebase.js","packageURL":"https://www.gstatic.com/firebasejs/live/11.0/firebase.tgz"},"components":{"analytics":"https://www.gstatic.com/firebasejs/11.0.1/firebase-analytics.js","app":"https://www.gstatic.com/firebasejs/11.0.1/firebase-app.js","app-check":"https://www.gstatic.com/firebasejs/11.0.1/firebase-app-check.js","auth":"https://www.gstatic.com/firebasejs/11.0.1/firebase-auth.js","auth/cordova":"https://www.gstatic.com/firebasejs/11.0.1/firebase-auth/cordova.js","auth/web-extension":"https://www.gstatic.com/firebasejs/11.0.1/firebase-auth/web-extension.js","functions":"https://www.gstatic.com/firebasejs/11.0.1/firebase-functions.js","firestore":"https://www.gstatic.com/firebasejs/11.0.1/firebase-firestore.js","firestore/lite":"https://www.gstatic.com/firebasejs/11.0.1/firebase-firestore/lite.js","installations":"https://www.gstatic.com/firebasejs/11.0.1/firebase-installations.js","storage":"https://www.gstatic.com/firebasejs/11.0.1/firebase-storage.js","performance":"https://www.gstatic.com/firebasejs/11.0.1/firebase-performance.js","remote-config":"https://www.gstatic.com/firebasejs/11.0.1/firebase-remote-config.js","messaging":"https://www.gstatic.com/firebasejs/11.0.1/firebase-messaging.js","messaging/sw":"https://www.gstatic.com/firebasejs/11.0.1/firebase-messaging/sw.js","database":"https://www.gstatic.com/firebasejs/11.0.1/firebase-database.js","vertexai":"https://www.gstatic.com/firebasejs/11.0.1/firebase-vertexai.js","data-connect":"https://www.gstatic.com/firebasejs/11.0.1/firebase-data-connect.js","firestore.memory":"https://www.gstatic.com/firebasejs/11.0.1/firebase-firestore.memory.js"}}
[info] i  public/index.html is unchanged 
[info] 
[info] i  Detected a .git folder at /workspaces/ShwethaWedding-Invitation 
[info] i  Authorizing with GitHub to upload your service account to a GitHub repository's secrets store. 
[info] 
[info] Visit this URL on this device to log in:
[info] https://github.com/login/oauth/authorize?client_id=89cf50f02ac6aaed3484&state=442527557&redirect_uri=http%3A%2F%2Flocalhost%3A9005&scope=read%3Auser%20repo%20public_repo
[info] 
[info] Waiting for authentication...
